<?xml version="1.0" encoding="UTF-8"?>
<testsuite name="com.midiraja.engine.PlaybackEngineTest" tests="4" skipped="0" failures="0" errors="0" timestamp="2026-02-23T09:55:30.083Z" hostname="Sungchului-MacBookPro.local" time="0.212">
  <properties/>
  <testcase name="testVolumeControl()" classname="com.midiraja.engine.PlaybackEngineTest" time="0.053"/>
  <testcase name="testVolumeBoundaries()" classname="com.midiraja.engine.PlaybackEngineTest" time="0.052"/>
  <testcase name="testSeekBeyondBoundary()" classname="com.midiraja.engine.PlaybackEngineTest" time="0.052"/>
  <testcase name="testSeekBackwardToZero()" classname="com.midiraja.engine.PlaybackEngineTest" time="0.052"/>
  <system-out><![CDATA[]]></system-out>
  <system-err><![CDATA[]]></system-err>
</testsuite>
