<?xml version="1.0" encoding="UTF-8"?>
<testsuite name="com.midiraja.MidirajaCommandTest" tests="13" skipped="0" failures="0" errors="0" timestamp="2026-02-23T06:44:36.562Z" hostname="Sungchului-MacBookPro.local" time="0.118">
  <properties/>
  <testcase name="testParseTransposeOption()" classname="com.midiraja.MidirajaCommandTest" time="0.054"/>
  <testcase name="testPlayMidiWithVolumeScaling()" classname="com.midiraja.MidirajaCommandTest" time="0.027"/>
  <testcase name="testFindPortIndex_CaseInsensitive()" classname="com.midiraja.MidirajaCommandTest" time="0.0"/>
  <testcase name="testInvalidVolumeNegative()" classname="com.midiraja.MidirajaCommandTest" time="0.003"/>
  <testcase name="testInvalidVolumeOutOfRange()" classname="com.midiraja.MidirajaCommandTest" time="0.002"/>
  <testcase name="testParsePortStringOption()" classname="com.midiraja.MidirajaCommandTest" time="0.002"/>
  <testcase name="testFindPortIndex_ExactMatch()" classname="com.midiraja.MidirajaCommandTest" time="0.001"/>
  <testcase name="testPlayMidiWithTranspose()" classname="com.midiraja.MidirajaCommandTest" time="0.004"/>
  <testcase name="testFindPortIndex_NoMatch()" classname="com.midiraja.MidirajaCommandTest" time="0.0"/>
  <testcase name="testFindPortIndex_AmbiguousMatch()" classname="com.midiraja.MidirajaCommandTest" time="0.001"/>
  <testcase name="testPlayMidiWithVolume()" classname="com.midiraja.MidirajaCommandTest" time="0.011"/>
  <testcase name="testFindPortIndex_PartialMatch()" classname="com.midiraja.MidirajaCommandTest" time="0.0"/>
  <testcase name="testParseVolumeOption()" classname="com.midiraja.MidirajaCommandTest" time="0.001"/>
  <system-out><![CDATA[Started playing: PASSPORT.MID to Mock Port
[>                                       ] 0% (BPM: 175.0)[>                                       ] 0% (BPM: 175.0)[>                                       ] 0% (BPM: 175.0)[>                                       ] 0% (BPM: 175.0)[>                                       ] 0% (BPM: 175.0)[>                                       ] 0% (BPM: 175.0)[>                                       ] 0% (BPM: 175.0)[>                                       ] 0% (BPM: 175.0)[>                                       ] 0% (BPM: 175.0)[>                                       ] 0% (BPM: 175.0)[>                                       ] 0% (BPM: 175.0)[>                                       ] 0% (BPM: 175.0)[>                                       ] 0% (BPM: 175.0)[>                                       ] 0% (BPM: 175.0)[>                                       ] 0% (BPM: 175.0)[>                                       ] 0% (BPM: 175.0)[>                                       ] 0% (BPM: 175.0)[>                                       ] 0% (BPM: 175.0)[>                                       ] 0% (BPM: 175.0)[>                                       ] 0% (BPM: 175.0)[>                                       ] 0% (BPM: 175.0)[>                                       ] 0% (BPM: 175.0)[>                                       ] 0% (BPM: 175.0)[>                                       ] 0% (BPM: 175.0)[>                                       ] 0% (BPM: 175.0)[>                                       ] 0% (BPM: 175.0)[>                                       ] 0% (BPM: 175.0)[>                                       ] 0% (BPM: 175.0)[>                                       ] 0% (BPM: 175.0)[>                                       ] 0% (BPM: 175.0)[>                                       ] 0% (BPM: 175.0)[>                                       ] 0% (BPM: 175.0)[>                                       ] 0% (BPM: 175.0)[>                                       ] 0% (BPM: 175.0)[>                                       ] 0% (BPM: 175.0)[>                                       ] 0% (BPM: 175.0)[>                                       ] 0% (BPM: 175.0)[>                                       ] 0% (BPM: 175.0)[>                                       ] 0% (BPM: 175.0)[>                                       ] 0% (BPM: 175.0)[>                                       ] 0% (BPM: 175.0)[>                                       ] 0% (BPM: 175.0)[>                                       ] 0% (BPM: 175.0)[>                                       ] 0% (BPM: 175.0)[>                                       ] 0% (BPM: 175.0)[>                                       ] 0% (BPM: 175.0)[>                                       ] 0% (BPM: 175.0)[>                                       ] 0% (BPM: 175.0)[>                                       ] 0% (BPM: 175.0)[>                                       ] 0% (BPM: 175.0)[>                                       ] 0% (BPM: 175.0)[>                                       ] 0% (BPM: 175.0)[>                                       ] 0% (BPM: 175.0)[>                                       ] 0% (BPM: 175.0)[>                                       ] 0% (BPM: 175.0)[>                                       ] 0% (BPM: 175.0)[>                                       ] 0% (BPM: 175.0)[>                                       ] 0% (BPM: 175.0)[>                                       ] 0% (BPM: 175.0)[>                                       ] 1% (BPM: 175.0)[>                                       ] 1% (BPM: 175.0)[>                                       ] 1% (BPM: 175.0)[>                                       ] 2% (BPM: 175.0)[=>                                      ] 2% (BPM: 175.0)[=>                                      ] 2% (BPM: 175.0)[=>                                      ] 3% (BPM: 175.0)[=>                                      ] 3% (BPM: 175.0)[=>                                      ] 4% (BPM: 175.0)[=>                                      ] 4% (BPM: 175.0)[=>                                      ] 4% (BPM: 175.0)[=>                                      ] 4% (BPM: 175.0)[=>                                      ] 4% (BPM: 175.0)[==>                                     ] 5% (BPM: 175.0)[==>                                     ] 6% (BPM: 175.0)[==>                                     ] 6% (BPM: 175.0)[==>                                     ] 7% (BPM: 175.0)[===>                                    ] 7% (BPM: 175.0)[===>                                    ] 7% (BPM: 175.0)[===>                                    ] 7% (BPM: 175.0)[===>                                    ] 8% (BPM: 175.0)[===>                                    ] 8% (BPM: 175.0)[===>                                    ] 8% (BPM: 175.0)[===>                                    ] 8% (BPM: 175.0)[===>                                    ] 9% (BPM: 175.0)[===>                                    ] 9% (BPM: 175.0)[===>                                    ] 9% (BPM: 175.0)[===>                                    ] 9% (BPM: 175.0)[===>                                    ] 9% (BPM: 175.0)[===>                                    ] 9% (BPM: 175.0)[====>                                   ] 10% (BPM: 175.0)[====>                                   ] 10% (BPM: 175.0)[====>                                   ] 10% (BPM: 175.0)[====>                                   ] 11% (BPM: 175.0)[====>                                   ] 11% (BPM: 175.0)[====>                                   ] 11% (BPM: 175.0)[====>                                   ] 11% (BPM: 175.0)[====>                                   ] 11% (BPM: 175.0)[====>                                   ] 11% (BPM: 175.0)[=====>                                  ] 12% (BPM: 175.0)[=====>                                  ] 12% (BPM: 175.0)[=====>                                  ] 12% (BPM: 175.0)[=====>                                  ] 12% (BPM: 175.0)[=====>                                  ] 12% (BPM: 175.0)[=====>                                  ] 13% (BPM: 175.0)[=====>                                  ] 13% (BPM: 175.0)[=====>                                  ] 13% (BPM: 175.0)[=====>                                  ] 13% (BPM: 175.0)[=====>                                  ] 14% (BPM: 175.0)[=====>                                  ] 14% (BPM: 175.0)[=====>                                  ] 14% (BPM: 175.0)[=====>                                  ] 14% (BPM: 175.0)[=====>                                  ] 14% (BPM: 175.0)[=====>                                  ] 14% (BPM: 175.0)[======>                                 ] 15% (BPM: 175.0)[======>                                 ] 15% (BPM: 175.0)[======>                                 ] 15% (BPM: 175.0)[======>                                 ] 15% (BPM: 175.0)[======>                                 ] 15% (BPM: 175.0)[======>                                 ] 16% (BPM: 175.0)[======>                                 ] 16% (BPM: 175.0)[======>                                 ] 16% (BPM: 175.0)[======>                                 ] 16% (BPM: 175.0)[======>                                 ] 16% (BPM: 175.0)[======>                                 ] 16% (BPM: 175.0)[======>                                 ] 16% (BPM: 175.0)[======>                                 ] 16% (BPM: 175.0)[======>                                 ] 16% (BPM: 175.0)[=======>                                ] 17% (BPM: 175.0)[=======>                                ] 17% (BPM: 175.0)[=======>                                ] 17% (BPM: 175.0)[=======>                                ] 17% (BPM: 175.0)[=======>                                ] 17% (BPM: 175.0)[=======>                                ] 17% (BPM: 175.0)[=======>                                ] 18% (BPM: 175.0)[=======>                                ] 18% (BPM: 175.0)[=======>                                ] 18% (BPM: 175.0)[=======>                                ] 18% (BPM: 175.0)[=======>                                ] 18% (BPM: 175.0)[=======>                                ] 19% (BPM: 175.0)[=======>                                ] 19% (BPM: 175.0)[=======>                                ] 19% (BPM: 175.0)[=======>                                ] 19% (BPM: 175.0)[========>                               ] 20% (BPM: 175.0)[========>                               ] 20% (BPM: 175.0)[========>                               ] 20% (BPM: 175.0)[========>                               ] 21% (BPM: 175.0)[========>                               ] 21% (BPM: 175.0)[========>                               ] 21% (BPM: 175.0)[========>                               ] 21% (BPM: 175.0)[========>                               ] 21% (BPM: 175.0)[========>                               ] 21% (BPM: 175.0)[========>                               ] 21% (BPM: 175.0)[========>                               ] 22% (BPM: 175.0)[========>                               ] 22% (BPM: 175.0)[========>                               ] 22% (BPM: 175.0)[========>                               ] 22% (BPM: 175.0)[========>                               ] 22% (BPM: 175.0)[========>                               ] 22% (BPM: 175.0)[========>                               ] 22% (BPM: 175.0)[=========>                              ] 22% (BPM: 175.0)[=========>                              ] 23% (BPM: 175.0)[=========>                              ] 23% (BPM: 175.0)[=========>                              ] 23% (BPM: 175.0)[=========>                              ] 23% (BPM: 175.0)[=========>                              ] 23% (BPM: 175.0)[=========>                              ] 23% (BPM: 175.0)[=========>                              ] 23% (BPM: 175.0)[=========>                              ] 24% (BPM: 175.0)[=========>                              ] 24% (BPM: 175.0)[==========>                             ] 25% (BPM: 175.0)[==========>                             ] 25% (BPM: 175.0)[==========>                             ] 25% (BPM: 175.0)[==========>                             ] 25% (BPM: 175.0)[==========>                             ] 25% (BPM: 175.0)[==========>                             ] 25% (BPM: 175.0)[==========>                             ] 25% (BPM: 175.0)[==========>                             ] 25% (BPM: 175.0)[==========>                             ] 25% (BPM: 175.0)[==========>                             ] 26% (BPM: 175.0)[==========>                             ] 26% (BPM: 175.0)[==========>                             ] 27% (BPM: 175.0)[==========>                             ] 27% (BPM: 175.0)[==========>                             ] 27% (BPM: 175.0)[==========>                             ] 27% (BPM: 175.0)[==========>                             ] 27% (BPM: 175.0)[==========>                             ] 27% (BPM: 175.0)[==========>                             ] 27% (BPM: 175.0)[===========>                            ] 28% (BPM: 175.0)[===========>                            ] 28% (BPM: 175.0)[===========>                            ] 29% (BPM: 175.0)[============>                           ] 30% (BPM: 175.0)[============>                           ] 30% (BPM: 175.0)[============>                           ] 30% (BPM: 175.0)[============>                           ] 30% (BPM: 175.0)[============>                           ] 30% (BPM: 175.0)[============>                           ] 30% (BPM: 175.0)[============>                           ] 30% (BPM: 175.0)[============>                           ] 30% (BPM: 175.0)[============>                           ] 30% (BPM: 175.0)[============>                           ] 30% (BPM: 175.0)[============>                           ] 30% (BPM: 175.0)[============>                           ] 31% (BPM: 175.0)[============>                           ] 31% (BPM: 175.0)[============>                           ] 32% (BPM: 175.0)[============>                           ] 32% (BPM: 175.0)[============>                           ] 32% (BPM: 175.0)[============>                           ] 32% (BPM: 175.0)[============>                           ] 32% (BPM: 175.0)[============>                           ] 32% (BPM: 175.0)[============>                           ] 32% (BPM: 175.0)[============>                           ] 32% (BPM: 175.0)[=============>                          ] 33% (BPM: 175.0)[=============>                          ] 33% (BPM: 175.0)[=============>                          ] 33% (BPM: 175.0)[=============>                          ] 33% (BPM: 175.0)[=============>                          ] 33% (BPM: 175.0)[=============>                          ] 33% (BPM: 175.0)[=============>                          ] 33% (BPM: 175.0)[=============>                          ] 33% (BPM: 175.0)[=============>                          ] 33% (BPM: 175.0)[=============>                          ] 33% (BPM: 175.0)[=============>                          ] 33% (BPM: 175.0)[=============>                          ] 33% (BPM: 175.0)[=============>                          ] 34% (BPM: 175.0)[=============>                          ] 34% (BPM: 175.0)[=============>                          ] 34% (BPM: 175.0)[==============>                         ] 35% (BPM: 175.0)[==============>                         ] 35% (BPM: 175.0)[==============>                         ] 35% (BPM: 175.0)[==============>                         ] 35% (BPM: 175.0)[==============>                         ] 35% (BPM: 175.0)[==============>                         ] 35% (BPM: 175.0)[==============>                         ] 35% (BPM: 175.0)[==============>                         ] 35% (BPM: 175.0)[==============>                         ] 35% (BPM: 175.0)[==============>                         ] 35% (BPM: 175.0)[==============>                         ] 35% (BPM: 175.0)[==============>                         ] 36% (BPM: 175.0)[==============>                         ] 36% (BPM: 175.0)[==============>                         ] 37% (BPM: 175.0)[===============>                        ] 37% (BPM: 175.0)[===============>                        ] 37% (BPM: 175.0)[===============>                        ] 37% (BPM: 175.0)[===============>                        ] 37% (BPM: 175.0)[===============>                        ] 37% (BPM: 175.0)[===============>                        ] 38% (BPM: 175.0)[===============>                        ] 38% (BPM: 175.0)[===============>                        ] 38% (BPM: 175.0)[===============>                        ] 38% (BPM: 175.0)[===============>                        ] 38% (BPM: 175.0)[===============>                        ] 38% (BPM: 175.0)[===============>                        ] 38% (BPM: 175.0)[===============>                        ] 39% (BPM: 175.0)[===============>                        ] 39% (BPM: 175.0)[===============>                        ] 39% (BPM: 175.0)[===============>                        ] 39% (BPM: 175.0)[================>                       ] 40% (BPM: 175.0)[================>                       ] 40% (BPM: 175.0)[================>                       ] 40% (BPM: 175.0)[================>                       ] 40% (BPM: 175.0)[================>                       ] 40% (BPM: 175.0)[================>                       ] 40% (BPM: 175.0)[================>                       ] 40% (BPM: 175.0)[================>                       ] 41% (BPM: 175.0)[================>                       ] 41% (BPM: 175.0)[================>                       ] 42% (BPM: 175.0)[================>                       ] 42% (BPM: 175.0)[================>                       ] 42% (BPM: 175.0)[================>                       ] 42% (BPM: 175.0)[================>                       ] 42% (BPM: 175.0)[================>                       ] 42% (BPM: 175.0)[================>                       ] 42% (BPM: 175.0)[=================>                      ] 42% (BPM: 175.0)[=================>                      ] 42% (BPM: 175.0)[=================>                      ] 43% (BPM: 175.0)[=================>                      ] 43% (BPM: 175.0)[=================>                      ] 43% (BPM: 175.0)[=================>                      ] 44% (BPM: 175.0)[=================>                      ] 44% (BPM: 175.0)[=================>                      ] 44% (BPM: 175.0)[=================>                      ] 44% (BPM: 175.0)[=================>                      ] 44% (BPM: 175.0)[=================>                      ] 44% (BPM: 175.0)[=================>                      ] 44% (BPM: 175.0)[=================>                      ] 44% (BPM: 175.0)[=================>                      ] 44% (BPM: 175.0)[=================>                      ] 44% (BPM: 175.0)[=================>                      ] 44% (BPM: 175.0)[==================>                     ] 45% (BPM: 175.0)[==================>                     ] 45% (BPM: 175.0)[==================>                     ] 45% (BPM: 175.0)[==================>                     ] 45% (BPM: 175.0)[==================>                     ] 45% (BPM: 175.0)[==================>                     ] 45% (BPM: 175.0)[==================>                     ] 45% (BPM: 175.0)[==================>                     ] 45% (BPM: 175.0)[==================>                     ] 46% (BPM: 175.0)[==================>                     ] 46% (BPM: 175.0)[==================>                     ] 46% (BPM: 175.0)[==================>                     ] 46% (BPM: 175.0)[==================>                     ] 46% (BPM: 175.0)[==================>                     ] 46% (BPM: 175.0)[==================>                     ] 46% (BPM: 175.0)[==================>                     ] 47% (BPM: 175.0)[==================>                     ] 47% (BPM: 175.0)[==================>                     ] 47% (BPM: 175.0)[==================>                     ] 47% (BPM: 175.0)[==================>                     ] 47% (BPM: 175.0)[==================>                     ] 47% (BPM: 175.0)[==================>                     ] 47% (BPM: 175.0)[===================>                    ] 47% (BPM: 175.0)[===================>                    ] 47% (BPM: 175.0)[===================>                    ] 47% (BPM: 175.0)[===================>                    ] 47% (BPM: 175.0)[===================>                    ] 47% (BPM: 175.0)[===================>                    ] 48% (BPM: 175.0)[===================>                    ] 48% (BPM: 175.0)[===================>                    ] 48% (BPM: 175.0)[===================>                    ] 48% (BPM: 175.0)[===================>                    ] 49% (BPM: 175.0)[===================>                    ] 49% (BPM: 175.0)[===================>                    ] 49% (BPM: 175.0)[===================>                    ] 49% (BPM: 175.0)[===================>                    ] 49% (BPM: 175.0)[===================>                    ] 49% (BPM: 175.0)[===================>                    ] 49% (BPM: 175.0)[===================>                    ] 49% (BPM: 175.0)[===================>                    ] 49% (BPM: 175.0)[===================>                    ] 49% (BPM: 175.0)[====================>                   ] 50% (BPM: 175.0)[====================>                   ] 50% (BPM: 175.0)[====================>                   ] 50% (BPM: 175.0)[====================>                   ] 50% (BPM: 175.0)[====================>                   ] 50% (BPM: 175.0)[====================>                   ] 50% (BPM: 175.0)[====================>                   ] 50% (BPM: 175.0)[====================>                   ] 51% (BPM: 175.0)[====================>                   ] 51% (BPM: 175.0)[====================>                   ] 51% (BPM: 175.0)[====================>                   ] 51% (BPM: 175.0)[====================>                   ] 51% (BPM: 175.0)[====================>                   ] 51% (BPM: 175.0)[====================>                   ] 51% (BPM: 175.0)[====================>                   ] 51% (BPM: 175.0)[====================>                   ] 51% (BPM: 175.0)[=====================>                  ] 52% (BPM: 175.0)[=====================>                  ] 52% (BPM: 175.0)[=====================>                  ] 52% (BPM: 175.0)[=====================>                  ] 52% (BPM: 175.0)[=====================>                  ] 52% (BPM: 175.0)[=====================>                  ] 53% (BPM: 175.0)[=====================>                  ] 53% (BPM: 175.0)[=====================>                  ] 53% (BPM: 175.0)[=====================>                  ] 53% (BPM: 175.0)[=====================>                  ] 53% (BPM: 175.0)[=====================>                  ] 53% (BPM: 175.0)[=====================>                  ] 53% (BPM: 175.0)[=====================>                  ] 53% (BPM: 175.0)[=====================>                  ] 53% (BPM: 175.0)[=====================>                  ] 53% (BPM: 175.0)[=====================>                  ] 54% (BPM: 175.0)[=====================>                  ] 54% (BPM: 175.0)[=====================>                  ] 54% (BPM: 175.0)[=====================>                  ] 54% (BPM: 175.0)[=====================>                  ] 54% (BPM: 175.0)[=====================>                  ] 54% (BPM: 175.0)[=====================>                  ] 54% (BPM: 175.0)[======================>                 ] 55% (BPM: 175.0)[======================>                 ] 55% (BPM: 175.0)[======================>                 ] 55% (BPM: 175.0)[======================>                 ] 55% (BPM: 175.0)[======================>                 ] 55% (BPM: 175.0)[======================>                 ] 55% (BPM: 175.0)[======================>                 ] 56% (BPM: 175.0)[======================>                 ] 56% (BPM: 175.0)[======================>                 ] 56% (BPM: 175.0)[======================>                 ] 56% (BPM: 175.0)[======================>                 ] 56% (BPM: 175.0)[======================>                 ] 56% (BPM: 175.0)[======================>                 ] 56% (BPM: 175.0)[======================>                 ] 56% (BPM: 175.0)[======================>                 ] 56% (BPM: 175.0)[=======================>                ] 57% (BPM: 175.0)[=======================>                ] 57% (BPM: 175.0)[=======================>                ] 57% (BPM: 175.0)[=======================>                ] 57% (BPM: 175.0)[=======================>                ] 57% (BPM: 175.0)[=======================>                ] 57% (BPM: 175.0)[=======================>                ] 57% (BPM: 175.0)[=======================>                ] 58% (BPM: 175.0)[=======================>                ] 58% (BPM: 175.0)[=======================>                ] 58% (BPM: 175.0)[=======================>                ] 58% (BPM: 175.0)[=======================>                ] 58% (BPM: 175.0)[=======================>                ] 58% (BPM: 175.0)[=======================>                ] 58% (BPM: 175.0)[=======================>                ] 58% (BPM: 175.0)[=======================>                ] 58% (BPM: 175.0)[=======================>                ] 58% (BPM: 175.0)[=======================>                ] 58% (BPM: 175.0)[=======================>                ] 59% (BPM: 175.0)[=======================>                ] 59% (BPM: 175.0)[=======================>                ] 59% (BPM: 175.0)[=======================>                ] 59% (BPM: 175.0)[=======================>                ] 59% (BPM: 175.0)[========================>               ] 60% (BPM: 175.0)[========================>               ] 60% (BPM: 175.0)[========================>               ] 60% (BPM: 175.0)[========================>               ] 60% (BPM: 175.0)[========================>               ] 60% (BPM: 175.0)[========================>               ] 60% (BPM: 175.0)[========================>               ] 61% (BPM: 175.0)[========================>               ] 61% (BPM: 175.0)[========================>               ] 61% (BPM: 175.0)[========================>               ] 61% (BPM: 175.0)[========================>               ] 61% (BPM: 175.0)[========================>               ] 61% (BPM: 175.0)[========================>               ] 61% (BPM: 175.0)[========================>               ] 61% (BPM: 175.0)[========================>               ] 61% (BPM: 175.0)[========================>               ] 62% (BPM: 175.0)[========================>               ] 62% (BPM: 175.0)[=========================>              ] 62% (BPM: 175.0)[=========================>              ] 62% (BPM: 175.0)[=========================>              ] 62% (BPM: 175.0)[=========================>              ] 62% (BPM: 175.0)[=========================>              ] 62% (BPM: 175.0)[=========================>              ] 62% (BPM: 175.0)[=========================>              ] 62% (BPM: 175.0)[=========================>              ] 63% (BPM: 175.0)[=========================>              ] 63% (BPM: 175.0)[=========================>              ] 63% (BPM: 175.0)[=========================>              ] 63% (BPM: 175.0)[=========================>              ] 64% (BPM: 175.0)[=========================>              ] 64% (BPM: 175.0)[=========================>              ] 64% (BPM: 175.0)[=========================>              ] 64% (BPM: 175.0)[=========================>              ] 64% (BPM: 175.0)[==========================>             ] 65% (BPM: 175.0)[==========================>             ] 65% (BPM: 175.0)[==========================>             ] 66% (BPM: 175.0)[==========================>             ] 66% (BPM: 175.0)[==========================>             ] 66% (BPM: 175.0)[==========================>             ] 66% (BPM: 175.0)[==========================>             ] 66% (BPM: 175.0)[==========================>             ] 66% (BPM: 175.0)[==========================>             ] 66% (BPM: 175.0)[==========================>             ] 67% (BPM: 175.0)[==========================>             ] 67% (BPM: 175.0)[==========================>             ] 67% (BPM: 175.0)[==========================>             ] 67% (BPM: 175.0)[==========================>             ] 67% (BPM: 175.0)[==========================>             ] 67% (BPM: 175.0)[==========================>             ] 67% (BPM: 175.0)[===========================>            ] 67% (BPM: 175.0)[===========================>            ] 68% (BPM: 175.0)[===========================>            ] 68% (BPM: 175.0)[===========================>            ] 68% (BPM: 175.0)[===========================>            ] 68% (BPM: 175.0)[===========================>            ] 68% (BPM: 175.0)[===========================>            ] 68% (BPM: 175.0)[===========================>            ] 68% (BPM: 175.0)[===========================>            ] 68% (BPM: 175.0)[===========================>            ] 68% (BPM: 175.0)[===========================>            ] 69% (BPM: 175.0)[===========================>            ] 69% (BPM: 175.0)[============================>           ] 70% (BPM: 175.0)[============================>           ] 70% (BPM: 175.0)[============================>           ] 70% (BPM: 175.0)[============================>           ] 70% (BPM: 175.0)[============================>           ] 70% (BPM: 175.0)[============================>           ] 70% (BPM: 175.0)[============================>           ] 70% (BPM: 175.0)[============================>           ] 71% (BPM: 175.0)[============================>           ] 71% (BPM: 175.0)[============================>           ] 71% (BPM: 175.0)[============================>           ] 71% (BPM: 175.0)[============================>           ] 72% (BPM: 175.0)[============================>           ] 72% (BPM: 175.0)[============================>           ] 72% (BPM: 175.0)[============================>           ] 72% (BPM: 175.0)[============================>           ] 72% (BPM: 175.0)[============================>           ] 72% (BPM: 175.0)[=============================>          ] 73% (BPM: 175.0)[=============================>          ] 73% (BPM: 175.0)[=============================>          ] 73% (BPM: 175.0)[=============================>          ] 73% (BPM: 175.0)[=============================>          ] 73% (BPM: 175.0)[=============================>          ] 74% (BPM: 175.0)[=============================>          ] 74% (BPM: 175.0)[=============================>          ] 74% (BPM: 175.0)[==============================>         ] 75% (BPM: 175.0)[==============================>         ] 75% (BPM: 175.0)[==============================>         ] 75% (BPM: 175.0)[==============================>         ] 75% (BPM: 175.0)[==============================>         ] 75% (BPM: 175.0)[==============================>         ] 75% (BPM: 175.0)[==============================>         ] 75% (BPM: 175.0)[==============================>         ] 75% (BPM: 175.0)[==============================>         ] 75% (BPM: 175.0)[==============================>         ] 75% (BPM: 175.0)[==============================>         ] 76% (BPM: 175.0)[==============================>         ] 76% (BPM: 175.0)[==============================>         ] 77% (BPM: 175.0)[==============================>         ] 77% (BPM: 175.0)[==============================>         ] 77% (BPM: 175.0)[==============================>         ] 77% (BPM: 175.0)[==============================>         ] 77% (BPM: 175.0)[==============================>         ] 77% (BPM: 175.0)[==============================>         ] 77% (BPM: 175.0)[==============================>         ] 77% (BPM: 175.0)[===============================>        ] 77% (BPM: 175.0)[===============================>        ] 77% (BPM: 175.0)[===============================>        ] 77% (BPM: 175.0)[===============================>        ] 77% (BPM: 175.0)[===============================>        ] 78% (BPM: 175.0)[===============================>        ] 78% (BPM: 175.0)[===============================>        ] 78% (BPM: 175.0)[===============================>        ] 78% (BPM: 175.0)[===============================>        ] 78% (BPM: 175.0)[===============================>        ] 78% (BPM: 175.0)[===============================>        ] 78% (BPM: 175.0)[===============================>        ] 78% (BPM: 175.0)[===============================>        ] 79% (BPM: 175.0)[===============================>        ] 79% (BPM: 175.0)[===============================>        ] 79% (BPM: 175.0)[===============================>        ] 79% (BPM: 175.0)[===============================>        ] 79% (BPM: 175.0)[================================>       ] 80% (BPM: 175.0)[================================>       ] 80% (BPM: 175.0)[================================>       ] 80% (BPM: 175.0)[================================>       ] 80% (BPM: 175.0)[================================>       ] 80% (BPM: 175.0)[================================>       ] 80% (BPM: 175.0)[================================>       ] 80% (BPM: 175.0)[================================>       ] 80% (BPM: 175.0)[================================>       ] 80% (BPM: 175.0)[================================>       ] 80% (BPM: 175.0)[================================>       ] 81% (BPM: 175.0)[================================>       ] 81% (BPM: 175.0)[================================>       ] 81% (BPM: 175.0)[================================>       ] 81% (BPM: 175.0)[================================>       ] 81% (BPM: 175.0)[=================================>      ] 82% (BPM: 175.0)[=================================>      ] 82% (BPM: 175.0)[=================================>      ] 82% (BPM: 175.0)[=================================>      ] 83% (BPM: 175.0)[=================================>      ] 84% (BPM: 175.0)[=================================>      ] 84% (BPM: 175.0)[=================================>      ] 84% (BPM: 175.0)[=================================>      ] 84% (BPM: 175.0)[=================================>      ] 84% (BPM: 175.0)[=================================>      ] 84% (BPM: 175.0)[==================================>     ] 85% (BPM: 175.0)[==================================>     ] 85% (BPM: 175.0)[==================================>     ] 85% (BPM: 175.0)[==================================>     ] 86% (BPM: 175.0)[==================================>     ] 86% (BPM: 175.0)[==================================>     ] 87% (BPM: 175.0)[==================================>     ] 87% (BPM: 175.0)[==================================>     ] 87% (BPM: 175.0)[==================================>     ] 87% (BPM: 175.0)[===================================>    ] 87% (BPM: 175.0)[===================================>    ] 87% (BPM: 175.0)[===================================>    ] 87% (BPM: 175.0)[===================================>    ] 87% (BPM: 175.0)[===================================>    ] 88% (BPM: 175.0)[===================================>    ] 88% (BPM: 175.0)[===================================>    ] 88% (BPM: 175.0)[===================================>    ] 88% (BPM: 175.0)[===================================>    ] 88% (BPM: 175.0)[===================================>    ] 88% (BPM: 175.0)[===================================>    ] 88% (BPM: 175.0)[===================================>    ] 88% (BPM: 175.0)[===================================>    ] 88% (BPM: 175.0)[===================================>    ] 88% (BPM: 175.0)[===================================>    ] 89% (BPM: 175.0)[===================================>    ] 89% (BPM: 175.0)[===================================>    ] 89% (BPM: 175.0)[===================================>    ] 89% (BPM: 175.0)[===================================>    ] 89% (BPM: 175.0)[===================================>    ] 89% (BPM: 175.0)[===================================>    ] 89% (BPM: 175.0)[===================================>    ] 89% (BPM: 175.0)[===================================>    ] 89% (BPM: 175.0)[===================================>    ] 89% (BPM: 175.0)[===================================>    ] 89% (BPM: 175.0)[===================================>    ] 89% (BPM: 175.0)[====================================>   ] 91% (BPM: 175.0)[====================================>   ] 91% (BPM: 175.0)[====================================>   ] 91% (BPM: 175.0)[====================================>   ] 91% (BPM: 175.0)[=====================================>  ] 92% (BPM: 175.0)[=====================================>  ] 92% (BPM: 175.0)[=====================================>  ] 92% (BPM: 175.0)[=====================================>  ] 92% (BPM: 175.0)[=====================================>  ] 93% (BPM: 175.0)[=====================================>  ] 94% (BPM: 175.0)[=====================================>  ] 94% (BPM: 175.0)[=====================================>  ] 94% (BPM: 175.0)[=====================================>  ] 94% (BPM: 175.0)[=====================================>  ] 94% (BPM: 175.0)[=====================================>  ] 94% (BPM: 175.0)[=====================================>  ] 94% (BPM: 175.0)[=====================================>  ] 94% (BPM: 175.0)[=====================================>  ] 94% (BPM: 175.0)[=====================================>  ] 94% (BPM: 175.0)[=====================================>  ] 94% (BPM: 175.0)[=====================================>  ] 94% (BPM: 175.0)[=====================================>  ] 94% (BPM: 175.0)[=====================================>  ] 94% (BPM: 175.0)[=====================================>  ] 94% (BPM: 175.0)[=====================================>  ] 94% (BPM: 175.0)[======================================> ] 95% (BPM: 175.0)[======================================> ] 95% (BPM: 175.0)[======================================> ] 95% (BPM: 175.0)[======================================> ] 96% (BPM: 175.0)[======================================> ] 96% (BPM: 175.0)[======================================> ] 96% (BPM: 175.0)[=======================================>] 97% (BPM: 175.0)[=======================================>] 97% (BPM: 175.0)[=======================================>] 97% (BPM: 175.0)[=======================================>] 97% (BPM: 175.0)[=======================================>] 97% (BPM: 175.0)[=======================================>] 97% (BPM: 175.0)[=======================================>] 97% (BPM: 175.0)[=======================================>] 98% (BPM: 175.0)[=======================================>] 98% (BPM: 175.0)[=======================================>] 98% (BPM: 175.0)[=======================================>] 98% (BPM: 175.0)[=======================================>] 98% (BPM: 175.0)[=======================================>] 98% (BPM: 175.0)[=======================================>] 98% (BPM: 175.0)[=======================================>] 98% (BPM: 175.0)[=======================================>] 98% (BPM: 175.0)
Playback finished.
Started playing: test903863359228157947.mid to Mock Port
[>                                       ] 0% (BPM: 120.0)[>                                       ] 0% (BPM: 120.0)
Playback finished.
Started playing: PASSPORT.MID to Mock Port
[>                                       ] 0% (BPM: 175.0)[>                                       ] 0% (BPM: 175.0)[>                                       ] 0% (BPM: 175.0)[>                                       ] 0% (BPM: 175.0)[>                                       ] 0% (BPM: 175.0)[>                                       ] 0% (BPM: 175.0)[>                                       ] 0% (BPM: 175.0)[>                                       ] 0% (BPM: 175.0)[>                                       ] 0% (BPM: 175.0)[>                                       ] 0% (BPM: 175.0)[>                                       ] 0% (BPM: 175.0)[>                                       ] 0% (BPM: 175.0)[>                                       ] 0% (BPM: 175.0)[>                                       ] 0% (BPM: 175.0)[>                                       ] 0% (BPM: 175.0)[>                                       ] 0% (BPM: 175.0)[>                                       ] 0% (BPM: 175.0)[>                                       ] 0% (BPM: 175.0)[>                                       ] 0% (BPM: 175.0)[>                                       ] 0% (BPM: 175.0)[>                                       ] 0% (BPM: 175.0)[>                                       ] 0% (BPM: 175.0)[>                                       ] 0% (BPM: 175.0)[>                                       ] 0% (BPM: 175.0)[>                                       ] 0% (BPM: 175.0)[>                                       ] 0% (BPM: 175.0)[>                                       ] 0% (BPM: 175.0)[>                                       ] 0% (BPM: 175.0)[>                                       ] 0% (BPM: 175.0)[>                                       ] 0% (BPM: 175.0)[>                                       ] 0% (BPM: 175.0)[>                                       ] 0% (BPM: 175.0)[>                                       ] 0% (BPM: 175.0)[>                                       ] 0% (BPM: 175.0)[>                                       ] 0% (BPM: 175.0)[>                                       ] 0% (BPM: 175.0)[>                                       ] 0% (BPM: 175.0)[>                                       ] 0% (BPM: 175.0)[>                                       ] 0% (BPM: 175.0)[>                                       ] 0% (BPM: 175.0)[>                                       ] 0% (BPM: 175.0)[>                                       ] 0% (BPM: 175.0)[>                                       ] 0% (BPM: 175.0)[>                                       ] 0% (BPM: 175.0)[>                                       ] 0% (BPM: 175.0)[>                                       ] 0% (BPM: 175.0)[>                                       ] 0% (BPM: 175.0)[>                                       ] 0% (BPM: 175.0)[>                                       ] 0% (BPM: 175.0)[>                                       ] 0% (BPM: 175.0)[>                                       ] 0% (BPM: 175.0)[>                                       ] 0% (BPM: 175.0)[>                                       ] 0% (BPM: 175.0)[>                                       ] 0% (BPM: 175.0)[>                                       ] 0% (BPM: 175.0)[>                                       ] 0% (BPM: 175.0)[>                                       ] 0% (BPM: 175.0)[>                                       ] 0% (BPM: 175.0)[>                                       ] 0% (BPM: 175.0)[>                                       ] 1% (BPM: 175.0)[>                                       ] 1% (BPM: 175.0)[>                                       ] 1% (BPM: 175.0)[>                                       ] 2% (BPM: 175.0)[=>                                      ] 2% (BPM: 175.0)[=>                                      ] 2% (BPM: 175.0)[=>                                      ] 3% (BPM: 175.0)[=>                                      ] 3% (BPM: 175.0)[=>                                      ] 4% (BPM: 175.0)[=>                                      ] 4% (BPM: 175.0)[=>                                      ] 4% (BPM: 175.0)[=>                                      ] 4% (BPM: 175.0)[=>                                      ] 4% (BPM: 175.0)[==>                                     ] 5% (BPM: 175.0)[==>                                     ] 6% (BPM: 175.0)[==>                                     ] 6% (BPM: 175.0)[==>                                     ] 7% (BPM: 175.0)[===>                                    ] 7% (BPM: 175.0)[===>                                    ] 7% (BPM: 175.0)[===>                                    ] 7% (BPM: 175.0)[===>                                    ] 8% (BPM: 175.0)[===>                                    ] 8% (BPM: 175.0)[===>                                    ] 8% (BPM: 175.0)[===>                                    ] 8% (BPM: 175.0)[===>                                    ] 9% (BPM: 175.0)[===>                                    ] 9% (BPM: 175.0)[===>                                    ] 9% (BPM: 175.0)[===>                                    ] 9% (BPM: 175.0)[===>                                    ] 9% (BPM: 175.0)[===>                                    ] 9% (BPM: 175.0)[====>                                   ] 10% (BPM: 175.0)[====>                                   ] 10% (BPM: 175.0)[====>                                   ] 10% (BPM: 175.0)[====>                                   ] 11% (BPM: 175.0)[====>                                   ] 11% (BPM: 175.0)[====>                                   ] 11% (BPM: 175.0)[====>                                   ] 11% (BPM: 175.0)[====>                                   ] 11% (BPM: 175.0)[====>                                   ] 11% (BPM: 175.0)[=====>                                  ] 12% (BPM: 175.0)[=====>                                  ] 12% (BPM: 175.0)[=====>                                  ] 12% (BPM: 175.0)[=====>                                  ] 12% (BPM: 175.0)[=====>                                  ] 12% (BPM: 175.0)[=====>                                  ] 13% (BPM: 175.0)[=====>                                  ] 13% (BPM: 175.0)[=====>                                  ] 13% (BPM: 175.0)[=====>                                  ] 13% (BPM: 175.0)[=====>                                  ] 14% (BPM: 175.0)[=====>                                  ] 14% (BPM: 175.0)[=====>                                  ] 14% (BPM: 175.0)[=====>                                  ] 14% (BPM: 175.0)[=====>                                  ] 14% (BPM: 175.0)[=====>                                  ] 14% (BPM: 175.0)[======>                                 ] 15% (BPM: 175.0)[======>                                 ] 15% (BPM: 175.0)[======>                                 ] 15% (BPM: 175.0)[======>                                 ] 15% (BPM: 175.0)[======>                                 ] 15% (BPM: 175.0)[======>                                 ] 16% (BPM: 175.0)[======>                                 ] 16% (BPM: 175.0)[======>                                 ] 16% (BPM: 175.0)[======>                                 ] 16% (BPM: 175.0)[======>                                 ] 16% (BPM: 175.0)[======>                                 ] 16% (BPM: 175.0)[======>                                 ] 16% (BPM: 175.0)[======>                                 ] 16% (BPM: 175.0)[======>                                 ] 16% (BPM: 175.0)[=======>                                ] 17% (BPM: 175.0)[=======>                                ] 17% (BPM: 175.0)[=======>                                ] 17% (BPM: 175.0)[=======>                                ] 17% (BPM: 175.0)[=======>                                ] 17% (BPM: 175.0)[=======>                                ] 17% (BPM: 175.0)[=======>                                ] 18% (BPM: 175.0)[=======>                                ] 18% (BPM: 175.0)[=======>                                ] 18% (BPM: 175.0)[=======>                                ] 18% (BPM: 175.0)[=======>                                ] 18% (BPM: 175.0)[=======>                                ] 19% (BPM: 175.0)[=======>                                ] 19% (BPM: 175.0)[=======>                                ] 19% (BPM: 175.0)[=======>                                ] 19% (BPM: 175.0)[========>                               ] 20% (BPM: 175.0)[========>                               ] 20% (BPM: 175.0)[========>                               ] 20% (BPM: 175.0)[========>                               ] 21% (BPM: 175.0)[========>                               ] 21% (BPM: 175.0)[========>                               ] 21% (BPM: 175.0)[========>                               ] 21% (BPM: 175.0)[========>                               ] 21% (BPM: 175.0)[========>                               ] 21% (BPM: 175.0)[========>                               ] 21% (BPM: 175.0)[========>                               ] 22% (BPM: 175.0)[========>                               ] 22% (BPM: 175.0)[========>                               ] 22% (BPM: 175.0)[========>                               ] 22% (BPM: 175.0)[========>                               ] 22% (BPM: 175.0)[========>                               ] 22% (BPM: 175.0)[========>                               ] 22% (BPM: 175.0)[=========>                              ] 22% (BPM: 175.0)[=========>                              ] 23% (BPM: 175.0)[=========>                              ] 23% (BPM: 175.0)[=========>                              ] 23% (BPM: 175.0)[=========>                              ] 23% (BPM: 175.0)[=========>                              ] 23% (BPM: 175.0)[=========>                              ] 23% (BPM: 175.0)[=========>                              ] 23% (BPM: 175.0)[=========>                              ] 24% (BPM: 175.0)[=========>                              ] 24% (BPM: 175.0)[==========>                             ] 25% (BPM: 175.0)[==========>                             ] 25% (BPM: 175.0)[==========>                             ] 25% (BPM: 175.0)[==========>                             ] 25% (BPM: 175.0)[==========>                             ] 25% (BPM: 175.0)[==========>                             ] 25% (BPM: 175.0)[==========>                             ] 25% (BPM: 175.0)[==========>                             ] 25% (BPM: 175.0)[==========>                             ] 25% (BPM: 175.0)[==========>                             ] 26% (BPM: 175.0)[==========>                             ] 26% (BPM: 175.0)[==========>                             ] 27% (BPM: 175.0)[==========>                             ] 27% (BPM: 175.0)[==========>                             ] 27% (BPM: 175.0)[==========>                             ] 27% (BPM: 175.0)[==========>                             ] 27% (BPM: 175.0)[==========>                             ] 27% (BPM: 175.0)[==========>                             ] 27% (BPM: 175.0)[===========>                            ] 28% (BPM: 175.0)[===========>                            ] 28% (BPM: 175.0)[===========>                            ] 29% (BPM: 175.0)[============>                           ] 30% (BPM: 175.0)[============>                           ] 30% (BPM: 175.0)[============>                           ] 30% (BPM: 175.0)[============>                           ] 30% (BPM: 175.0)[============>                           ] 30% (BPM: 175.0)[============>                           ] 30% (BPM: 175.0)[============>                           ] 30% (BPM: 175.0)[============>                           ] 30% (BPM: 175.0)[============>                           ] 30% (BPM: 175.0)[============>                           ] 30% (BPM: 175.0)[============>                           ] 30% (BPM: 175.0)[============>                           ] 31% (BPM: 175.0)[============>                           ] 31% (BPM: 175.0)[============>                           ] 32% (BPM: 175.0)[============>                           ] 32% (BPM: 175.0)[============>                           ] 32% (BPM: 175.0)[============>                           ] 32% (BPM: 175.0)[============>                           ] 32% (BPM: 175.0)[============>                           ] 32% (BPM: 175.0)[============>                           ] 32% (BPM: 175.0)[============>                           ] 32% (BPM: 175.0)[=============>                          ] 33% (BPM: 175.0)[=============>                          ] 33% (BPM: 175.0)[=============>                          ] 33% (BPM: 175.0)[=============>                          ] 33% (BPM: 175.0)[=============>                          ] 33% (BPM: 175.0)[=============>                          ] 33% (BPM: 175.0)[=============>                          ] 33% (BPM: 175.0)[=============>                          ] 33% (BPM: 175.0)[=============>                          ] 33% (BPM: 175.0)[=============>                          ] 33% (BPM: 175.0)[=============>                          ] 33% (BPM: 175.0)[=============>                          ] 33% (BPM: 175.0)[=============>                          ] 34% (BPM: 175.0)[=============>                          ] 34% (BPM: 175.0)[=============>                          ] 34% (BPM: 175.0)[==============>                         ] 35% (BPM: 175.0)[==============>                         ] 35% (BPM: 175.0)[==============>                         ] 35% (BPM: 175.0)[==============>                         ] 35% (BPM: 175.0)[==============>                         ] 35% (BPM: 175.0)[==============>                         ] 35% (BPM: 175.0)[==============>                         ] 35% (BPM: 175.0)[==============>                         ] 35% (BPM: 175.0)[==============>                         ] 35% (BPM: 175.0)[==============>                         ] 35% (BPM: 175.0)[==============>                         ] 35% (BPM: 175.0)[==============>                         ] 36% (BPM: 175.0)[==============>                         ] 36% (BPM: 175.0)[==============>                         ] 37% (BPM: 175.0)[===============>                        ] 37% (BPM: 175.0)[===============>                        ] 37% (BPM: 175.0)[===============>                        ] 37% (BPM: 175.0)[===============>                        ] 37% (BPM: 175.0)[===============>                        ] 37% (BPM: 175.0)[===============>                        ] 38% (BPM: 175.0)[===============>                        ] 38% (BPM: 175.0)[===============>                        ] 38% (BPM: 175.0)[===============>                        ] 38% (BPM: 175.0)[===============>                        ] 38% (BPM: 175.0)[===============>                        ] 38% (BPM: 175.0)[===============>                        ] 38% (BPM: 175.0)[===============>                        ] 39% (BPM: 175.0)[===============>                        ] 39% (BPM: 175.0)[===============>                        ] 39% (BPM: 175.0)[===============>                        ] 39% (BPM: 175.0)[================>                       ] 40% (BPM: 175.0)[================>                       ] 40% (BPM: 175.0)[================>                       ] 40% (BPM: 175.0)[================>                       ] 40% (BPM: 175.0)[================>                       ] 40% (BPM: 175.0)[================>                       ] 40% (BPM: 175.0)[================>                       ] 40% (BPM: 175.0)[================>                       ] 41% (BPM: 175.0)[================>                       ] 41% (BPM: 175.0)[================>                       ] 42% (BPM: 175.0)[================>                       ] 42% (BPM: 175.0)[================>                       ] 42% (BPM: 175.0)[================>                       ] 42% (BPM: 175.0)[================>                       ] 42% (BPM: 175.0)[================>                       ] 42% (BPM: 175.0)[================>                       ] 42% (BPM: 175.0)[=================>                      ] 42% (BPM: 175.0)[=================>                      ] 42% (BPM: 175.0)[=================>                      ] 43% (BPM: 175.0)[=================>                      ] 43% (BPM: 175.0)[=================>                      ] 43% (BPM: 175.0)[=================>                      ] 44% (BPM: 175.0)[=================>                      ] 44% (BPM: 175.0)[=================>                      ] 44% (BPM: 175.0)[=================>                      ] 44% (BPM: 175.0)[=================>                      ] 44% (BPM: 175.0)[=================>                      ] 44% (BPM: 175.0)[=================>                      ] 44% (BPM: 175.0)[=================>                      ] 44% (BPM: 175.0)[=================>                      ] 44% (BPM: 175.0)[=================>                      ] 44% (BPM: 175.0)[=================>                      ] 44% (BPM: 175.0)[==================>                     ] 45% (BPM: 175.0)[==================>                     ] 45% (BPM: 175.0)[==================>                     ] 45% (BPM: 175.0)[==================>                     ] 45% (BPM: 175.0)[==================>                     ] 45% (BPM: 175.0)[==================>                     ] 45% (BPM: 175.0)[==================>                     ] 45% (BPM: 175.0)[==================>                     ] 45% (BPM: 175.0)[==================>                     ] 46% (BPM: 175.0)[==================>                     ] 46% (BPM: 175.0)[==================>                     ] 46% (BPM: 175.0)[==================>                     ] 46% (BPM: 175.0)[==================>                     ] 46% (BPM: 175.0)[==================>                     ] 46% (BPM: 175.0)[==================>                     ] 46% (BPM: 175.0)[==================>                     ] 47% (BPM: 175.0)[==================>                     ] 47% (BPM: 175.0)[==================>                     ] 47% (BPM: 175.0)[==================>                     ] 47% (BPM: 175.0)[==================>                     ] 47% (BPM: 175.0)[==================>                     ] 47% (BPM: 175.0)[==================>                     ] 47% (BPM: 175.0)[===================>                    ] 47% (BPM: 175.0)[===================>                    ] 47% (BPM: 175.0)[===================>                    ] 47% (BPM: 175.0)[===================>                    ] 47% (BPM: 175.0)[===================>                    ] 47% (BPM: 175.0)[===================>                    ] 48% (BPM: 175.0)[===================>                    ] 48% (BPM: 175.0)[===================>                    ] 48% (BPM: 175.0)[===================>                    ] 48% (BPM: 175.0)[===================>                    ] 49% (BPM: 175.0)[===================>                    ] 49% (BPM: 175.0)[===================>                    ] 49% (BPM: 175.0)[===================>                    ] 49% (BPM: 175.0)[===================>                    ] 49% (BPM: 175.0)[===================>                    ] 49% (BPM: 175.0)[===================>                    ] 49% (BPM: 175.0)[===================>                    ] 49% (BPM: 175.0)[===================>                    ] 49% (BPM: 175.0)[===================>                    ] 49% (BPM: 175.0)[====================>                   ] 50% (BPM: 175.0)[====================>                   ] 50% (BPM: 175.0)[====================>                   ] 50% (BPM: 175.0)[====================>                   ] 50% (BPM: 175.0)[====================>                   ] 50% (BPM: 175.0)[====================>                   ] 50% (BPM: 175.0)[====================>                   ] 50% (BPM: 175.0)[====================>                   ] 51% (BPM: 175.0)[====================>                   ] 51% (BPM: 175.0)[====================>                   ] 51% (BPM: 175.0)[====================>                   ] 51% (BPM: 175.0)[====================>                   ] 51% (BPM: 175.0)[====================>                   ] 51% (BPM: 175.0)[====================>                   ] 51% (BPM: 175.0)[====================>                   ] 51% (BPM: 175.0)[====================>                   ] 51% (BPM: 175.0)[=====================>                  ] 52% (BPM: 175.0)[=====================>                  ] 52% (BPM: 175.0)[=====================>                  ] 52% (BPM: 175.0)[=====================>                  ] 52% (BPM: 175.0)[=====================>                  ] 52% (BPM: 175.0)[=====================>                  ] 53% (BPM: 175.0)[=====================>                  ] 53% (BPM: 175.0)[=====================>                  ] 53% (BPM: 175.0)[=====================>                  ] 53% (BPM: 175.0)[=====================>                  ] 53% (BPM: 175.0)[=====================>                  ] 53% (BPM: 175.0)[=====================>                  ] 53% (BPM: 175.0)[=====================>                  ] 53% (BPM: 175.0)[=====================>                  ] 53% (BPM: 175.0)[=====================>                  ] 53% (BPM: 175.0)[=====================>                  ] 54% (BPM: 175.0)[=====================>                  ] 54% (BPM: 175.0)[=====================>                  ] 54% (BPM: 175.0)[=====================>                  ] 54% (BPM: 175.0)[=====================>                  ] 54% (BPM: 175.0)[=====================>                  ] 54% (BPM: 175.0)[=====================>                  ] 54% (BPM: 175.0)[======================>                 ] 55% (BPM: 175.0)[======================>                 ] 55% (BPM: 175.0)[======================>                 ] 55% (BPM: 175.0)[======================>                 ] 55% (BPM: 175.0)[======================>                 ] 55% (BPM: 175.0)[======================>                 ] 55% (BPM: 175.0)[======================>                 ] 56% (BPM: 175.0)[======================>                 ] 56% (BPM: 175.0)[======================>                 ] 56% (BPM: 175.0)[======================>                 ] 56% (BPM: 175.0)[======================>                 ] 56% (BPM: 175.0)[======================>                 ] 56% (BPM: 175.0)[======================>                 ] 56% (BPM: 175.0)[======================>                 ] 56% (BPM: 175.0)[======================>                 ] 56% (BPM: 175.0)[=======================>                ] 57% (BPM: 175.0)[=======================>                ] 57% (BPM: 175.0)[=======================>                ] 57% (BPM: 175.0)[=======================>                ] 57% (BPM: 175.0)[=======================>                ] 57% (BPM: 175.0)[=======================>                ] 57% (BPM: 175.0)[=======================>                ] 57% (BPM: 175.0)[=======================>                ] 58% (BPM: 175.0)[=======================>                ] 58% (BPM: 175.0)[=======================>                ] 58% (BPM: 175.0)[=======================>                ] 58% (BPM: 175.0)[=======================>                ] 58% (BPM: 175.0)[=======================>                ] 58% (BPM: 175.0)[=======================>                ] 58% (BPM: 175.0)[=======================>                ] 58% (BPM: 175.0)[=======================>                ] 58% (BPM: 175.0)[=======================>                ] 58% (BPM: 175.0)[=======================>                ] 58% (BPM: 175.0)[=======================>                ] 59% (BPM: 175.0)[=======================>                ] 59% (BPM: 175.0)[=======================>                ] 59% (BPM: 175.0)[=======================>                ] 59% (BPM: 175.0)[=======================>                ] 59% (BPM: 175.0)[========================>               ] 60% (BPM: 175.0)[========================>               ] 60% (BPM: 175.0)[========================>               ] 60% (BPM: 175.0)[========================>               ] 60% (BPM: 175.0)[========================>               ] 60% (BPM: 175.0)[========================>               ] 60% (BPM: 175.0)[========================>               ] 61% (BPM: 175.0)[========================>               ] 61% (BPM: 175.0)[========================>               ] 61% (BPM: 175.0)[========================>               ] 61% (BPM: 175.0)[========================>               ] 61% (BPM: 175.0)[========================>               ] 61% (BPM: 175.0)[========================>               ] 61% (BPM: 175.0)[========================>               ] 61% (BPM: 175.0)[========================>               ] 61% (BPM: 175.0)[========================>               ] 62% (BPM: 175.0)[========================>               ] 62% (BPM: 175.0)[=========================>              ] 62% (BPM: 175.0)[=========================>              ] 62% (BPM: 175.0)[=========================>              ] 62% (BPM: 175.0)[=========================>              ] 62% (BPM: 175.0)[=========================>              ] 62% (BPM: 175.0)[=========================>              ] 62% (BPM: 175.0)[=========================>              ] 62% (BPM: 175.0)[=========================>              ] 63% (BPM: 175.0)[=========================>              ] 63% (BPM: 175.0)[=========================>              ] 63% (BPM: 175.0)[=========================>              ] 63% (BPM: 175.0)[=========================>              ] 64% (BPM: 175.0)[=========================>              ] 64% (BPM: 175.0)[=========================>              ] 64% (BPM: 175.0)[=========================>              ] 64% (BPM: 175.0)[=========================>              ] 64% (BPM: 175.0)[==========================>             ] 65% (BPM: 175.0)[==========================>             ] 65% (BPM: 175.0)[==========================>             ] 66% (BPM: 175.0)[==========================>             ] 66% (BPM: 175.0)[==========================>             ] 66% (BPM: 175.0)[==========================>             ] 66% (BPM: 175.0)[==========================>             ] 66% (BPM: 175.0)[==========================>             ] 66% (BPM: 175.0)[==========================>             ] 66% (BPM: 175.0)[==========================>             ] 67% (BPM: 175.0)[==========================>             ] 67% (BPM: 175.0)[==========================>             ] 67% (BPM: 175.0)[==========================>             ] 67% (BPM: 175.0)[==========================>             ] 67% (BPM: 175.0)[==========================>             ] 67% (BPM: 175.0)[==========================>             ] 67% (BPM: 175.0)[===========================>            ] 67% (BPM: 175.0)[===========================>            ] 68% (BPM: 175.0)[===========================>            ] 68% (BPM: 175.0)[===========================>            ] 68% (BPM: 175.0)[===========================>            ] 68% (BPM: 175.0)[===========================>            ] 68% (BPM: 175.0)[===========================>            ] 68% (BPM: 175.0)[===========================>            ] 68% (BPM: 175.0)[===========================>            ] 68% (BPM: 175.0)[===========================>            ] 68% (BPM: 175.0)[===========================>            ] 69% (BPM: 175.0)[===========================>            ] 69% (BPM: 175.0)[============================>           ] 70% (BPM: 175.0)[============================>           ] 70% (BPM: 175.0)[============================>           ] 70% (BPM: 175.0)[============================>           ] 70% (BPM: 175.0)[============================>           ] 70% (BPM: 175.0)[============================>           ] 70% (BPM: 175.0)[============================>           ] 70% (BPM: 175.0)[============================>           ] 71% (BPM: 175.0)[============================>           ] 71% (BPM: 175.0)[============================>           ] 71% (BPM: 175.0)[============================>           ] 71% (BPM: 175.0)[============================>           ] 72% (BPM: 175.0)[============================>           ] 72% (BPM: 175.0)[============================>           ] 72% (BPM: 175.0)[============================>           ] 72% (BPM: 175.0)[============================>           ] 72% (BPM: 175.0)[============================>           ] 72% (BPM: 175.0)[=============================>          ] 73% (BPM: 175.0)[=============================>          ] 73% (BPM: 175.0)[=============================>          ] 73% (BPM: 175.0)[=============================>          ] 73% (BPM: 175.0)[=============================>          ] 73% (BPM: 175.0)[=============================>          ] 74% (BPM: 175.0)[=============================>          ] 74% (BPM: 175.0)[=============================>          ] 74% (BPM: 175.0)[==============================>         ] 75% (BPM: 175.0)[==============================>         ] 75% (BPM: 175.0)[==============================>         ] 75% (BPM: 175.0)[==============================>         ] 75% (BPM: 175.0)[==============================>         ] 75% (BPM: 175.0)[==============================>         ] 75% (BPM: 175.0)[==============================>         ] 75% (BPM: 175.0)[==============================>         ] 75% (BPM: 175.0)[==============================>         ] 75% (BPM: 175.0)[==============================>         ] 75% (BPM: 175.0)[==============================>         ] 76% (BPM: 175.0)[==============================>         ] 76% (BPM: 175.0)[==============================>         ] 77% (BPM: 175.0)[==============================>         ] 77% (BPM: 175.0)[==============================>         ] 77% (BPM: 175.0)[==============================>         ] 77% (BPM: 175.0)[==============================>         ] 77% (BPM: 175.0)[==============================>         ] 77% (BPM: 175.0)[==============================>         ] 77% (BPM: 175.0)[==============================>         ] 77% (BPM: 175.0)[===============================>        ] 77% (BPM: 175.0)[===============================>        ] 77% (BPM: 175.0)[===============================>        ] 77% (BPM: 175.0)[===============================>        ] 77% (BPM: 175.0)[===============================>        ] 78% (BPM: 175.0)[===============================>        ] 78% (BPM: 175.0)[===============================>        ] 78% (BPM: 175.0)[===============================>        ] 78% (BPM: 175.0)[===============================>        ] 78% (BPM: 175.0)[===============================>        ] 78% (BPM: 175.0)[===============================>        ] 78% (BPM: 175.0)[===============================>        ] 78% (BPM: 175.0)[===============================>        ] 79% (BPM: 175.0)[===============================>        ] 79% (BPM: 175.0)[===============================>        ] 79% (BPM: 175.0)[===============================>        ] 79% (BPM: 175.0)[===============================>        ] 79% (BPM: 175.0)[================================>       ] 80% (BPM: 175.0)[================================>       ] 80% (BPM: 175.0)[================================>       ] 80% (BPM: 175.0)[================================>       ] 80% (BPM: 175.0)[================================>       ] 80% (BPM: 175.0)[================================>       ] 80% (BPM: 175.0)[================================>       ] 80% (BPM: 175.0)[================================>       ] 80% (BPM: 175.0)[================================>       ] 80% (BPM: 175.0)[================================>       ] 80% (BPM: 175.0)[================================>       ] 81% (BPM: 175.0)[================================>       ] 81% (BPM: 175.0)[================================>       ] 81% (BPM: 175.0)[================================>       ] 81% (BPM: 175.0)[================================>       ] 81% (BPM: 175.0)[=================================>      ] 82% (BPM: 175.0)[=================================>      ] 82% (BPM: 175.0)[=================================>      ] 82% (BPM: 175.0)[=================================>      ] 83% (BPM: 175.0)[=================================>      ] 84% (BPM: 175.0)[=================================>      ] 84% (BPM: 175.0)[=================================>      ] 84% (BPM: 175.0)[=================================>      ] 84% (BPM: 175.0)[=================================>      ] 84% (BPM: 175.0)[=================================>      ] 84% (BPM: 175.0)[==================================>     ] 85% (BPM: 175.0)[==================================>     ] 85% (BPM: 175.0)[==================================>     ] 85% (BPM: 175.0)[==================================>     ] 86% (BPM: 175.0)[==================================>     ] 86% (BPM: 175.0)[==================================>     ] 87% (BPM: 175.0)[==================================>     ] 87% (BPM: 175.0)[==================================>     ] 87% (BPM: 175.0)[==================================>     ] 87% (BPM: 175.0)[===================================>    ] 87% (BPM: 175.0)[===================================>    ] 87% (BPM: 175.0)[===================================>    ] 87% (BPM: 175.0)[===================================>    ] 87% (BPM: 175.0)[===================================>    ] 88% (BPM: 175.0)[===================================>    ] 88% (BPM: 175.0)[===================================>    ] 88% (BPM: 175.0)[===================================>    ] 88% (BPM: 175.0)[===================================>    ] 88% (BPM: 175.0)[===================================>    ] 88% (BPM: 175.0)[===================================>    ] 88% (BPM: 175.0)[===================================>    ] 88% (BPM: 175.0)[===================================>    ] 88% (BPM: 175.0)[===================================>    ] 88% (BPM: 175.0)[===================================>    ] 89% (BPM: 175.0)[===================================>    ] 89% (BPM: 175.0)[===================================>    ] 89% (BPM: 175.0)[===================================>    ] 89% (BPM: 175.0)[===================================>    ] 89% (BPM: 175.0)[===================================>    ] 89% (BPM: 175.0)[===================================>    ] 89% (BPM: 175.0)[===================================>    ] 89% (BPM: 175.0)[===================================>    ] 89% (BPM: 175.0)[===================================>    ] 89% (BPM: 175.0)[===================================>    ] 89% (BPM: 175.0)[===================================>    ] 89% (BPM: 175.0)[====================================>   ] 91% (BPM: 175.0)[====================================>   ] 91% (BPM: 175.0)[====================================>   ] 91% (BPM: 175.0)[====================================>   ] 91% (BPM: 175.0)[=====================================>  ] 92% (BPM: 175.0)[=====================================>  ] 92% (BPM: 175.0)[=====================================>  ] 92% (BPM: 175.0)[=====================================>  ] 92% (BPM: 175.0)[=====================================>  ] 93% (BPM: 175.0)[=====================================>  ] 94% (BPM: 175.0)[=====================================>  ] 94% (BPM: 175.0)[=====================================>  ] 94% (BPM: 175.0)[=====================================>  ] 94% (BPM: 175.0)[=====================================>  ] 94% (BPM: 175.0)[=====================================>  ] 94% (BPM: 175.0)[=====================================>  ] 94% (BPM: 175.0)[=====================================>  ] 94% (BPM: 175.0)[=====================================>  ] 94% (BPM: 175.0)[=====================================>  ] 94% (BPM: 175.0)[=====================================>  ] 94% (BPM: 175.0)[=====================================>  ] 94% (BPM: 175.0)[=====================================>  ] 94% (BPM: 175.0)[=====================================>  ] 94% (BPM: 175.0)[=====================================>  ] 94% (BPM: 175.0)[=====================================>  ] 94% (BPM: 175.0)[======================================> ] 95% (BPM: 175.0)[======================================> ] 95% (BPM: 175.0)[======================================> ] 95% (BPM: 175.0)[======================================> ] 96% (BPM: 175.0)[======================================> ] 96% (BPM: 175.0)[======================================> ] 96% (BPM: 175.0)[=======================================>] 97% (BPM: 175.0)[=======================================>] 97% (BPM: 175.0)[=======================================>] 97% (BPM: 175.0)[=======================================>] 97% (BPM: 175.0)[=======================================>] 97% (BPM: 175.0)[=======================================>] 97% (BPM: 175.0)[=======================================>] 97% (BPM: 175.0)[=======================================>] 98% (BPM: 175.0)[=======================================>] 98% (BPM: 175.0)[=======================================>] 98% (BPM: 175.0)[=======================================>] 98% (BPM: 175.0)[=======================================>] 98% (BPM: 175.0)[=======================================>] 98% (BPM: 175.0)[=======================================>] 98% (BPM: 175.0)[=======================================>] 98% (BPM: 175.0)[=======================================>] 98% (BPM: 175.0)
Playback finished.
]]></system-out>
  <system-err><![CDATA[]]></system-err>
</testsuite>
