<?xml version="1.0" encoding="UTF-8"?>
<testsuite name="com.midiraja.engine.PlaybackEngineTest" tests="4" skipped="0" failures="0" errors="0" timestamp="2026-02-23T10:36:42.233Z" hostname="Sungchului-MacBookPro.local" time="0.005">
  <properties/>
  <testcase name="testVolumeControl()" classname="com.midiraja.engine.PlaybackEngineTest" time="0.001"/>
  <testcase name="testVolumeBoundaries()" classname="com.midiraja.engine.PlaybackEngineTest" time="0.001"/>
  <testcase name="testSeekBeyondBoundary()" classname="com.midiraja.engine.PlaybackEngineTest" time="0.001"/>
  <testcase name="testSeekBackwardToZero()" classname="com.midiraja.engine.PlaybackEngineTest" time="0.0"/>
  <system-out><![CDATA[]]></system-out>
  <system-err><![CDATA[]]></system-err>
</testsuite>
