<?xml version="1.0" encoding="UTF-8"?>
<testsuite name="com.midraja.MidrajaCommandTest" tests="4" skipped="0" failures="0" errors="0" timestamp="2026-02-23T04:37:36.517Z" hostname="Sungchului-MacBookPro.local" time="0.075">
  <properties/>
  <testcase name="testParseTransposeOption()" classname="com.midraja.MidrajaCommandTest" time="0.057"/>
  <testcase name="testInvalidVolumeNegative()" classname="com.midraja.MidrajaCommandTest" time="0.003"/>
  <testcase name="testInvalidVolumeOutOfRange()" classname="com.midraja.MidrajaCommandTest" time="0.002"/>
  <testcase name="testParseVolumeOption()" classname="com.midraja.MidrajaCommandTest" time="0.002"/>
  <system-out><![CDATA[]]></system-out>
  <system-err><![CDATA[]]></system-err>
</testsuite>
